<?xml version="1.0" encoding="UTF-8"?>
<!-- Generated by org.testng.reporters.JUnitReportReporter -->
<testsuite skipped="0" hostname="Keshavs-MBP" name="com.parellelFramework.tests.LoginTest" tests="2" failures="0" timestamp="30 Sep 2020 19:22:25 GMT" time="3.934" errors="0">
  <testcase name="DemoTest" time="1.425" classname="com.parellelFramework.tests.LoginTest"/>
  <testcase name="DemoTest" time="2.509" classname="com.parellelFramework.tests.LoginTest"/>
</testsuite> <!-- com.parellelFramework.tests.LoginTest -->
