<?xml version="1.0" encoding="UTF-8"?>
<testsuite xmlns:xsi="http://www.w3.org/2001/XMLSchema-instance" xsi:noNamespaceSchemaLocation="https://maven.apache.org/surefire/maven-surefire-plugin/xsd/surefire-test-report-3.0.xsd" version="3.0" name="com.Guru99telecom.runners.TestRunner" time="11.578" tests="1" errors="0" skipped="0" failures="0">
  <properties>
    <property name="gopherProxySet" value="false"/>
    <property name="awt.toolkit" value="sun.lwawt.macosx.LWCToolkit"/>
    <property name="file.encoding.pkg" value="sun.io"/>
    <property name="java.specification.version" value="1.8"/>
    <property name="webdriver.chrome.driver" value="/Users/keshavmac/.m2/repository/webdriver/chromedriver/mac64/85.0.4183.87/chromedriver"/>
    <property name="sun.cpu.isalist" value=""/>
    <property name="sun.jnu.encoding" value="UTF-8"/>
    <property name="java.class.path" value="/Users/keshavmac/IdeaProjects/com.CucumberSingleton/target/test-classes:/Users/keshavmac/IdeaProjects/com.CucumberSingleton/target/classes:/Users/keshavmac/.m2/repository/org/apache/logging/log4j/log4j-core/2.13.3/log4j-core-2.13.3.jar:/Users/keshavmac/.m2/repository/org/apache/logging/log4j/log4j-api/2.13.3/log4j-api-2.13.3.jar:/Users/keshavmac/.m2/repository/io/cucumber/cucumber-java/6.4.0/cucumber-java-6.4.0.jar:/Users/keshavmac/.m2/repository/org/apiguardian/apiguardian-api/1.1.0/apiguardian-api-1.1.0.jar:/Users/keshavmac/.m2/repository/io/cucumber/cucumber-core/6.4.0/cucumber-core-6.4.0.jar:/Users/keshavmac/.m2/repository/io/cucumber/cucumber-gherkin/6.4.0/cucumber-gherkin-6.4.0.jar:/Users/keshavmac/.m2/repository/io/cucumber/cucumber-gherkin-messages/6.4.0/cucumber-gherkin-messages-6.4.0.jar:/Users/keshavmac/.m2/repository/io/cucumber/messages/12.4.0/messages-12.4.0.jar:/Users/keshavmac/.m2/repository/io/cucumber/tag-expressions/3.0.0/tag-expressions-3.0.0.jar:/Users/keshavmac/.m2/repository/io/cucumber/cucumber-expressions/10.2.2/cucumber-expressions-10.2.2.jar:/Users/keshavmac/.m2/repository/io/cucumber/datatable/3.3.1/datatable-3.3.1.jar:/Users/keshavmac/.m2/repository/io/cucumber/cucumber-plugin/6.4.0/cucumber-plugin-6.4.0.jar:/Users/keshavmac/.m2/repository/io/cucumber/docstring/6.4.0/docstring-6.4.0.jar:/Users/keshavmac/.m2/repository/io/cucumber/html-formatter/7.2.0/html-formatter-7.2.0.jar:/Users/keshavmac/.m2/repository/io/cucumber/create-meta/1.1.0/create-meta-1.1.0.jar:/Users/keshavmac/.m2/repository/io/cucumber/cucumber-testng/6.4.0/cucumber-testng-6.4.0.jar:/Users/keshavmac/.m2/repository/org/seleniumhq/selenium/selenium-java/3.141.59/selenium-java-3.141.59.jar:/Users/keshavmac/.m2/repository/org/seleniumhq/selenium/selenium-api/3.141.59/selenium-api-3.141.59.jar:/Users/keshavmac/.m2/repository/org/seleniumhq/selenium/selenium-chrome-driver/3.141.59/selenium-chrome-driver-3.141.59.jar:/Users/keshavmac/.m2/repository/org/seleniumhq/selenium/selenium-edge-driver/3.141.59/selenium-edge-driver-3.141.59.jar:/Users/keshavmac/.m2/repository/org/seleniumhq/selenium/selenium-firefox-driver/3.141.59/selenium-firefox-driver-3.141.59.jar:/Users/keshavmac/.m2/repository/org/seleniumhq/selenium/selenium-ie-driver/3.141.59/selenium-ie-driver-3.141.59.jar:/Users/keshavmac/.m2/repository/org/seleniumhq/selenium/selenium-opera-driver/3.141.59/selenium-opera-driver-3.141.59.jar:/Users/keshavmac/.m2/repository/org/seleniumhq/selenium/selenium-remote-driver/3.141.59/selenium-remote-driver-3.141.59.jar:/Users/keshavmac/.m2/repository/org/seleniumhq/selenium/selenium-safari-driver/3.141.59/selenium-safari-driver-3.141.59.jar:/Users/keshavmac/.m2/repository/org/seleniumhq/selenium/selenium-support/3.141.59/selenium-support-3.141.59.jar:/Users/keshavmac/.m2/repository/net/bytebuddy/byte-buddy/1.8.15/byte-buddy-1.8.15.jar:/Users/keshavmac/.m2/repository/org/apache/commons/commons-exec/1.3/commons-exec-1.3.jar:/Users/keshavmac/.m2/repository/com/google/guava/guava/25.0-jre/guava-25.0-jre.jar:/Users/keshavmac/.m2/repository/com/google/code/findbugs/jsr305/1.3.9/jsr305-1.3.9.jar:/Users/keshavmac/.m2/repository/org/checkerframework/checker-compat-qual/2.0.0/checker-compat-qual-2.0.0.jar:/Users/keshavmac/.m2/repository/com/google/errorprone/error_prone_annotations/2.1.3/error_prone_annotations-2.1.3.jar:/Users/keshavmac/.m2/repository/com/google/j2objc/j2objc-annotations/1.1/j2objc-annotations-1.1.jar:/Users/keshavmac/.m2/repository/org/codehaus/mojo/animal-sniffer-annotations/1.14/animal-sniffer-annotations-1.14.jar:/Users/keshavmac/.m2/repository/com/squareup/okhttp3/okhttp/3.11.0/okhttp-3.11.0.jar:/Users/keshavmac/.m2/repository/com/squareup/okio/okio/1.14.0/okio-1.14.0.jar:/Users/keshavmac/.m2/repository/io/github/bonigarcia/webdrivermanager/4.1.0/webdrivermanager-4.1.0.jar:/Users/keshavmac/.m2/repository/org/slf4j/slf4j-api/1.7.30/slf4j-api-1.7.30.jar:/Users/keshavmac/.m2/repository/commons-io/commons-io/2.7/commons-io-2.7.jar:/Users/keshavmac/.m2/repository/com/google/code/gson/gson/2.8.6/gson-2.8.6.jar:/Users/keshavmac/.m2/repository/org/apache/commons/commons-lang3/3.10/commons-lang3-3.10.jar:/Users/keshavmac/.m2/repository/org/apache/httpcomponents/client5/httpclient5/5.0.1/httpclient5-5.0.1.jar:/Users/keshavmac/.m2/repository/org/apache/httpcomponents/core5/httpcore5/5.0.1/httpcore5-5.0.1.jar:/Users/keshavmac/.m2/repository/org/apache/httpcomponents/core5/httpcore5-h2/5.0.1/httpcore5-h2-5.0.1.jar:/Users/keshavmac/.m2/repository/commons-codec/commons-codec/1.13/commons-codec-1.13.jar:/Users/keshavmac/.m2/repository/org/rauschig/jarchivelib/1.0.0/jarchivelib-1.0.0.jar:/Users/keshavmac/.m2/repository/org/apache/commons/commons-compress/1.18/commons-compress-1.18.jar:/Users/keshavmac/.m2/repository/org/jsoup/jsoup/1.13.1/jsoup-1.13.1.jar:/Users/keshavmac/.m2/repository/org/testng/testng/6.14.3/testng-6.14.3.jar:/Users/keshavmac/.m2/repository/com/beust/jcommander/1.72/jcommander-1.72.jar:/Users/keshavmac/.m2/repository/org/apache-extras/beanshell/bsh/2.0b6/bsh-2.0b6.jar:"/>
    <property name="java.vm.vendor" value="Oracle Corporation"/>
    <property name="sun.arch.data.model" value="64"/>
    <property name="java.vendor.url" value="http://java.oracle.com/"/>
    <property name="user.timezone" value="Asia/Kolkata"/>
    <property name="java.vm.specification.version" value="1.8"/>
    <property name="os.name" value="Mac OS X"/>
    <property name="user.country" value="IN"/>
    <property name="sun.java.launcher" value="SUN_STANDARD"/>
    <property name="sun.boot.library.path" value="/Library/Java/JavaVirtualMachines/jdk1.8.0_261.jdk/Contents/Home/jre/lib"/>
    <property name="sun.java.command" value="/Users/keshavmac/IdeaProjects/com.CucumberSingleton/target/surefire/surefirebooter3426723540135708093.jar /Users/keshavmac/IdeaProjects/com.CucumberSingleton/target/surefire 2020-10-01T01-05-39_851-jvmRun1 surefire8151065226330661014tmp surefire_0757994566005526949tmp"/>
    <property name="http.nonProxyHosts" value="local|*.local|169.254/16|*.169.254/16"/>
    <property name="surefire.test.class.path" value="/Users/keshavmac/IdeaProjects/com.CucumberSingleton/target/test-classes:/Users/keshavmac/IdeaProjects/com.CucumberSingleton/target/classes:/Users/keshavmac/.m2/repository/org/apache/logging/log4j/log4j-core/2.13.3/log4j-core-2.13.3.jar:/Users/keshavmac/.m2/repository/org/apache/logging/log4j/log4j-api/2.13.3/log4j-api-2.13.3.jar:/Users/keshavmac/.m2/repository/io/cucumber/cucumber-java/6.4.0/cucumber-java-6.4.0.jar:/Users/keshavmac/.m2/repository/org/apiguardian/apiguardian-api/1.1.0/apiguardian-api-1.1.0.jar:/Users/keshavmac/.m2/repository/io/cucumber/cucumber-core/6.4.0/cucumber-core-6.4.0.jar:/Users/keshavmac/.m2/repository/io/cucumber/cucumber-gherkin/6.4.0/cucumber-gherkin-6.4.0.jar:/Users/keshavmac/.m2/repository/io/cucumber/cucumber-gherkin-messages/6.4.0/cucumber-gherkin-messages-6.4.0.jar:/Users/keshavmac/.m2/repository/io/cucumber/messages/12.4.0/messages-12.4.0.jar:/Users/keshavmac/.m2/repository/io/cucumber/tag-expressions/3.0.0/tag-expressions-3.0.0.jar:/Users/keshavmac/.m2/repository/io/cucumber/cucumber-expressions/10.2.2/cucumber-expressions-10.2.2.jar:/Users/keshavmac/.m2/repository/io/cucumber/datatable/3.3.1/datatable-3.3.1.jar:/Users/keshavmac/.m2/repository/io/cucumber/cucumber-plugin/6.4.0/cucumber-plugin-6.4.0.jar:/Users/keshavmac/.m2/repository/io/cucumber/docstring/6.4.0/docstring-6.4.0.jar:/Users/keshavmac/.m2/repository/io/cucumber/html-formatter/7.2.0/html-formatter-7.2.0.jar:/Users/keshavmac/.m2/repository/io/cucumber/create-meta/1.1.0/create-meta-1.1.0.jar:/Users/keshavmac/.m2/repository/io/cucumber/cucumber-testng/6.4.0/cucumber-testng-6.4.0.jar:/Users/keshavmac/.m2/repository/org/seleniumhq/selenium/selenium-java/3.141.59/selenium-java-3.141.59.jar:/Users/keshavmac/.m2/repository/org/seleniumhq/selenium/selenium-api/3.141.59/selenium-api-3.141.59.jar:/Users/keshavmac/.m2/repository/org/seleniumhq/selenium/selenium-chrome-driver/3.141.59/selenium-chrome-driver-3.141.59.jar:/Users/keshavmac/.m2/repository/org/seleniumhq/selenium/selenium-edge-driver/3.141.59/selenium-edge-driver-3.141.59.jar:/Users/keshavmac/.m2/repository/org/seleniumhq/selenium/selenium-firefox-driver/3.141.59/selenium-firefox-driver-3.141.59.jar:/Users/keshavmac/.m2/repository/org/seleniumhq/selenium/selenium-ie-driver/3.141.59/selenium-ie-driver-3.141.59.jar:/Users/keshavmac/.m2/repository/org/seleniumhq/selenium/selenium-opera-driver/3.141.59/selenium-opera-driver-3.141.59.jar:/Users/keshavmac/.m2/repository/org/seleniumhq/selenium/selenium-remote-driver/3.141.59/selenium-remote-driver-3.141.59.jar:/Users/keshavmac/.m2/repository/org/seleniumhq/selenium/selenium-safari-driver/3.141.59/selenium-safari-driver-3.141.59.jar:/Users/keshavmac/.m2/repository/org/seleniumhq/selenium/selenium-support/3.141.59/selenium-support-3.141.59.jar:/Users/keshavmac/.m2/repository/net/bytebuddy/byte-buddy/1.8.15/byte-buddy-1.8.15.jar:/Users/keshavmac/.m2/repository/org/apache/commons/commons-exec/1.3/commons-exec-1.3.jar:/Users/keshavmac/.m2/repository/com/google/guava/guava/25.0-jre/guava-25.0-jre.jar:/Users/keshavmac/.m2/repository/com/google/code/findbugs/jsr305/1.3.9/jsr305-1.3.9.jar:/Users/keshavmac/.m2/repository/org/checkerframework/checker-compat-qual/2.0.0/checker-compat-qual-2.0.0.jar:/Users/keshavmac/.m2/repository/com/google/errorprone/error_prone_annotations/2.1.3/error_prone_annotations-2.1.3.jar:/Users/keshavmac/.m2/repository/com/google/j2objc/j2objc-annotations/1.1/j2objc-annotations-1.1.jar:/Users/keshavmac/.m2/repository/org/codehaus/mojo/animal-sniffer-annotations/1.14/animal-sniffer-annotations-1.14.jar:/Users/keshavmac/.m2/repository/com/squareup/okhttp3/okhttp/3.11.0/okhttp-3.11.0.jar:/Users/keshavmac/.m2/repository/com/squareup/okio/okio/1.14.0/okio-1.14.0.jar:/Users/keshavmac/.m2/repository/io/github/bonigarcia/webdrivermanager/4.1.0/webdrivermanager-4.1.0.jar:/Users/keshavmac/.m2/repository/org/slf4j/slf4j-api/1.7.30/slf4j-api-1.7.30.jar:/Users/keshavmac/.m2/repository/commons-io/commons-io/2.7/commons-io-2.7.jar:/Users/keshavmac/.m2/repository/com/google/code/gson/gson/2.8.6/gson-2.8.6.jar:/Users/keshavmac/.m2/repository/org/apache/commons/commons-lang3/3.10/commons-lang3-3.10.jar:/Users/keshavmac/.m2/repository/org/apache/httpcomponents/client5/httpclient5/5.0.1/httpclient5-5.0.1.jar:/Users/keshavmac/.m2/repository/org/apache/httpcomponents/core5/httpcore5/5.0.1/httpcore5-5.0.1.jar:/Users/keshavmac/.m2/repository/org/apache/httpcomponents/core5/httpcore5-h2/5.0.1/httpcore5-h2-5.0.1.jar:/Users/keshavmac/.m2/repository/commons-codec/commons-codec/1.13/commons-codec-1.13.jar:/Users/keshavmac/.m2/repository/org/rauschig/jarchivelib/1.0.0/jarchivelib-1.0.0.jar:/Users/keshavmac/.m2/repository/org/apache/commons/commons-compress/1.18/commons-compress-1.18.jar:/Users/keshavmac/.m2/repository/org/jsoup/jsoup/1.13.1/jsoup-1.13.1.jar:/Users/keshavmac/.m2/repository/org/testng/testng/6.14.3/testng-6.14.3.jar:/Users/keshavmac/.m2/repository/com/beust/jcommander/1.72/jcommander-1.72.jar:/Users/keshavmac/.m2/repository/org/apache-extras/beanshell/bsh/2.0b6/bsh-2.0b6.jar:"/>
    <property name="sun.cpu.endian" value="little"/>
    <property name="user.home" value="/Users/keshavmac"/>
    <property name="user.language" value="en"/>
    <property name="java.specification.vendor" value="Oracle Corporation"/>
    <property name="java.home" value="/Library/Java/JavaVirtualMachines/jdk1.8.0_261.jdk/Contents/Home/jre"/>
    <property name="basedir" value="/Users/keshavmac/IdeaProjects/com.CucumberSingleton"/>
    <property name="file.separator" value="/"/>
    <property name="line.separator" value="&#10;"/>
    <property name="java.vm.specification.vendor" value="Oracle Corporation"/>
    <property name="java.specification.name" value="Java Platform API Specification"/>
    <property name="java.awt.graphicsenv" value="sun.awt.CGraphicsEnvironment"/>
    <property name="surefire.real.class.path" value="/Users/keshavmac/IdeaProjects/com.CucumberSingleton/target/surefire/surefirebooter3426723540135708093.jar"/>
    <property name="sun.boot.class.path" value="/Library/Java/JavaVirtualMachines/jdk1.8.0_261.jdk/Contents/Home/jre/lib/resources.jar:/Library/Java/JavaVirtualMachines/jdk1.8.0_261.jdk/Contents/Home/jre/lib/rt.jar:/Library/Java/JavaVirtualMachines/jdk1.8.0_261.jdk/Contents/Home/jre/lib/sunrsasign.jar:/Library/Java/JavaVirtualMachines/jdk1.8.0_261.jdk/Contents/Home/jre/lib/jsse.jar:/Library/Java/JavaVirtualMachines/jdk1.8.0_261.jdk/Contents/Home/jre/lib/jce.jar:/Library/Java/JavaVirtualMachines/jdk1.8.0_261.jdk/Contents/Home/jre/lib/charsets.jar:/Library/Java/JavaVirtualMachines/jdk1.8.0_261.jdk/Contents/Home/jre/lib/jfr.jar:/Library/Java/JavaVirtualMachines/jdk1.8.0_261.jdk/Contents/Home/jre/classes"/>
    <property name="sun.management.compiler" value="HotSpot 64-Bit Tiered Compilers"/>
    <property name="ftp.nonProxyHosts" value="local|*.local|169.254/16|*.169.254/16"/>
    <property name="java.runtime.version" value="1.8.0_261-b12"/>
    <property name="user.name" value="keshavmac"/>
    <property name="path.separator" value=":"/>
    <property name="os.version" value="10.15.6"/>
    <property name="java.endorsed.dirs" value="/Library/Java/JavaVirtualMachines/jdk1.8.0_261.jdk/Contents/Home/jre/lib/endorsed"/>
    <property name="java.runtime.name" value="Java(TM) SE Runtime Environment"/>
    <property name="file.encoding" value="US-ASCII"/>
    <property name="java.vm.name" value="Java HotSpot(TM) 64-Bit Server VM"/>
    <property name="localRepository" value="/Users/keshavmac/.m2/repository"/>
    <property name="java.vendor.url.bug" value="http://bugreport.sun.com/bugreport/"/>
    <property name="java.io.tmpdir" value="/var/folders/15/8f6t0b8121j_tc3bph_ydfh00000gn/T/"/>
    <property name="idea.version" value="2020.2.2"/>
    <property name="java.version" value="1.8.0_261"/>
    <property name="user.dir" value="/Users/keshavmac/IdeaProjects/com.CucumberSingleton"/>
    <property name="os.arch" value="x86_64"/>
    <property name="java.vm.specification.name" value="Java Virtual Machine Specification"/>
    <property name="java.awt.printerjob" value="sun.lwawt.macosx.CPrinterJob"/>
    <property name="sun.os.patch.level" value="unknown"/>
    <property name="java.library.path" value="/Users/keshavmac/Library/Java/Extensions:/Library/Java/Extensions:/Network/Library/Java/Extensions:/System/Library/Java/Extensions:/usr/lib/java:."/>
    <property name="java.vm.info" value="mixed mode"/>
    <property name="java.vendor" value="Oracle Corporation"/>
    <property name="java.vm.version" value="25.261-b12"/>
    <property name="java.ext.dirs" value="/Users/keshavmac/Library/Java/Extensions:/Library/Java/JavaVirtualMachines/jdk1.8.0_261.jdk/Contents/Home/jre/lib/ext:/Library/Java/Extensions:/Network/Library/Java/Extensions:/System/Library/Java/Extensions:/usr/lib/java"/>
    <property name="sun.io.unicode.encoding" value="UnicodeBig"/>
    <property name="java.class.version" value="52.0"/>
    <property name="socksNonProxyHosts" value="local|*.local|169.254/16|*.169.254/16"/>
  </properties>
  <testcase name="runScenario[&quot;Validate links on homepage of website&quot;, &quot;Optional[To validate Homepage functionalities for Guru99 telecom website]&quot;](1)" classname="com.Guru99telecom.runners.TestRunner" time="10.662">
    <system-out><![CDATA[
@run
Scenario: Validate links on homepage of website                 # src/main/resources/featureFiles/HomePage.feature:9
[INFO ] 2020-10-01 01:05:43.492 [main] WebdriverSetup - New Chrome instance invoked
[INFO ] 2020-10-01 01:05:48.853 [main] WebdriverSetup - Website has been loaded
  Given User navigates to Guru99 telecom website                # com.Guru99telecom.stepDefs.Guru99_CommonStepdefs.user_navigates_to_guru99_telecom_website()
The page title verified is Guru99 Telecom
  Then User verifies the page title "Guru99 Telecom"            # com.Guru99telecom.stepDefs.Guru99_CommonStepdefs.user_verifies_the_page_title(java.lang.String)
[INFO ] 2020-10-01 01:05:50.346 [main] Homepage_PO - The homepage logo has been validated
  When User navigates to homepage of website                    # com.Guru99telecom.stepDefs.Guru99_HomepageStepdefs.user_navigates_to_homepage_of_website()
[INFO ] 2020-10-01 01:05:50.389 [main] Homepage_PO - Home page headingGuru99 telecomhas been validated
  And User validates the homepage main heading "Guru99 telecom" # com.Guru99telecom.stepDefs.Guru99_HomepageStepdefs.user_validates_the_homepage_main_heading(java.lang.String)
The count of elements found is 4
[INFO ] 2020-10-01 01:05:50.404 [main] Homepage_PO - The count of elements found is 4
  Then User verifies the count of homepage links                # com.Guru99telecom.stepDefs.Guru99_HomepageStepdefs.user_verifies_the_count_of_homepage_links()
[INFO ] 2020-10-01 01:05:50.450 [main] Homepage_PO - Element found and validated in list is Add Customer
[INFO ] 2020-10-01 01:05:50.463 [main] Homepage_PO - Element found and validated in list is Add Tariff Plan to Customer
[INFO ] 2020-10-01 01:05:50.483 [main] Homepage_PO - Element found and validated in list is Add Tariff Plan
[INFO ] 2020-10-01 01:05:50.504 [main] Homepage_PO - Element found and validated in list is Pay Billing
  And User validates all links text on homepage                 # com.Guru99telecom.stepDefs.Guru99_HomepageStepdefs.user_validates_all_links_text_on_homepage(java.util.List<java.lang.String>)

    Scenario Validate links on homepage of websitehas been passed


    Embedding Validate links on homepage of website [image/png 425150 bytes]

[INFO ] 2020-10-01 01:05:51.830 [main] Homepage_PO - Webdriver session terminated
]]></system-out>
    <system-err><![CDATA[SLF4J: Failed to load class "org.slf4j.impl.StaticLoggerBinder".
SLF4J: Defaulting to no-operation (NOP) logger implementation
SLF4J: See http://www.slf4j.org/codes.html#StaticLoggerBinder for further details.
Starting ChromeDriver 85.0.4183.87 (cd6713ebf92fa1cacc0f1a598df280093af0c5d7-refs/branch-heads/4183@{#1689}) on port 42971
Only local connections are allowed.
Please see https://chromedriver.chromium.org/security-considerations for suggestions on keeping ChromeDriver safe.
ChromeDriver was started successfully.
Oct 01, 2020 1:05:43 AM org.openqa.selenium.remote.ProtocolHandshake createSession
INFO: Detected dialect: W3C
]]></system-err>
  </testcase>
</testsuite>