<?xml version="1.0" encoding="UTF-8"?>
<!-- Generated by org.testng.reporters.JUnitReportReporter -->
<testsuite skipped="0" hostname="KeshavPC" name="com.Tests.homepageTest.VerifyHomePage" tests="1" failures="0" timestamp="15 Apr 2018 05:46:20 GMT" time="8.280" errors="0">
  <testcase name="checkhomepage" time="8.280" classname="com.Tests.homepageTest.VerifyHomePage"/>
</testsuite> <!-- com.Tests.homepageTest.VerifyHomePage -->
