<?xml version="1.0" encoding="UTF-8"?>
<!-- Generated by org.testng.reporters.JUnitReportReporter -->
<testsuite skipped="0" hostname="KeshavPC" name="com.register.VerifyRegisterpage" tests="5" failures="0" timestamp="15 Apr 2018 05:46:20 GMT" time="37.283" errors="0">
  <testcase name="checkblanksubmit" time="10.030" classname="com.register.VerifyRegisterpage"/>
  <testcase name="checknamesubmit" time="4.904" classname="com.register.VerifyRegisterpage"/>
  <testcase name="checkcontactinfosubmit" time="6.009" classname="com.register.VerifyRegisterpage"/>
  <testcase name="checkmailinfosubmit" time="7.263" classname="com.register.VerifyRegisterpage"/>
  <testcase name="checkuserinfosubmit" time="9.077" classname="com.register.VerifyRegisterpage"/>
</testsuite> <!-- com.register.VerifyRegisterpage -->
