<?xml version="1.0" encoding="UTF-8"?>
<!-- Generated by org.testng.reporters.JUnitReportReporter -->
<testsuite skipped="0" hostname="KeshavPC" name="com.signon.VerifySignonProcess" tests="1" failures="0" timestamp="15 Apr 2018 05:46:20 GMT" time="13.180" errors="0">
  <testcase name="checksignonpage" time="13.180" classname="com.signon.VerifySignonProcess"/>
</testsuite> <!-- com.signon.VerifySignonProcess -->
