<?xml version="1.0" encoding="UTF-8"?>
<!-- Generated by org.testng.reporters.JUnitReportReporter -->
<testsuite skipped="0" hostname="KeshavPC" name="runner.ProjectTestRunner" tests="2" failures="0" timestamp="22 Apr 2018 16:07:07 GMT" time="108.509" errors="0">
  <testcase name="feature" time="57.079" classname="runner.ProjectTestRunner"/>
  <testcase name="feature" time="51.430" classname="runner.ProjectTestRunner"/>
</testsuite> <!-- runner.ProjectTestRunner -->
