<?xml version="1.0" encoding="UTF-8"?>
<testsuite xmlns:xsi="http://www.w3.org/2001/XMLSchema-instance" xsi:noNamespaceSchemaLocation="https://maven.apache.org/surefire/maven-surefire-plugin/xsd/surefire-test-report-3.0.xsd" version="3.0" name="com.framework.runners.ProjectRunner" time="16.484" tests="1" errors="0" skipped="0" failures="1">
  <properties>
    <property name="gopherProxySet" value="false"/>
    <property name="awt.toolkit" value="sun.lwawt.macosx.LWCToolkit"/>
    <property name="file.encoding.pkg" value="sun.io"/>
    <property name="java.specification.version" value="1.8"/>
    <property name="webdriver.chrome.driver" value="/Users/keshavmac/.m2/repository/webdriver/chromedriver/mac64/85.0.4183.87/chromedriver"/>
    <property name="sun.cpu.isalist" value=""/>
    <property name="sun.jnu.encoding" value="UTF-8"/>
    <property name="java.class.path" value="/Users/keshavmac/IdeaProjects/com.CucumberHybrid/target/test-classes:/Users/keshavmac/IdeaProjects/com.CucumberHybrid/target/classes:/Users/keshavmac/.m2/repository/org/apache/logging/log4j/log4j-core/2.13.3/log4j-core-2.13.3.jar:/Users/keshavmac/.m2/repository/org/apache/logging/log4j/log4j-api/2.13.3/log4j-api-2.13.3.jar:/Users/keshavmac/.m2/repository/io/github/bonigarcia/webdrivermanager/3.8.1/webdrivermanager-3.8.1.jar:/Users/keshavmac/.m2/repository/org/slf4j/slf4j-api/1.7.25/slf4j-api-1.7.25.jar:/Users/keshavmac/.m2/repository/commons-io/commons-io/2.6/commons-io-2.6.jar:/Users/keshavmac/.m2/repository/com/google/code/gson/gson/2.8.5/gson-2.8.5.jar:/Users/keshavmac/.m2/repository/org/apache/commons/commons-lang3/3.8.1/commons-lang3-3.8.1.jar:/Users/keshavmac/.m2/repository/org/apache/httpcomponents/httpclient/4.5.6/httpclient-4.5.6.jar:/Users/keshavmac/.m2/repository/org/apache/httpcomponents/httpcore/4.4.10/httpcore-4.4.10.jar:/Users/keshavmac/.m2/repository/commons-logging/commons-logging/1.2/commons-logging-1.2.jar:/Users/keshavmac/.m2/repository/org/rauschig/jarchivelib/1.0.0/jarchivelib-1.0.0.jar:/Users/keshavmac/.m2/repository/org/apache/commons/commons-compress/1.18/commons-compress-1.18.jar:/Users/keshavmac/.m2/repository/org/jsoup/jsoup/1.11.3/jsoup-1.11.3.jar:/Users/keshavmac/.m2/repository/org/testng/testng/6.14.3/testng-6.14.3.jar:/Users/keshavmac/.m2/repository/com/beust/jcommander/1.72/jcommander-1.72.jar:/Users/keshavmac/.m2/repository/org/apache-extras/beanshell/bsh/2.0b6/bsh-2.0b6.jar:/Users/keshavmac/.m2/repository/io/cucumber/cucumber-java/6.1.2/cucumber-java-6.1.2.jar:/Users/keshavmac/.m2/repository/io/cucumber/cucumber-core/6.1.2/cucumber-core-6.1.2.jar:/Users/keshavmac/.m2/repository/io/cucumber/cucumber-gherkin/6.1.2/cucumber-gherkin-6.1.2.jar:/Users/keshavmac/.m2/repository/io/cucumber/cucumber-gherkin-messages/6.1.2/cucumber-gherkin-messages-6.1.2.jar:/Users/keshavmac/.m2/repository/io/cucumber/messages/12.1.1/messages-12.1.1.jar:/Users/keshavmac/.m2/repository/io/cucumber/tag-expressions/3.0.0/tag-expressions-3.0.0.jar:/Users/keshavmac/.m2/repository/io/cucumber/cucumber-expressions/10.2.1/cucumber-expressions-10.2.1.jar:/Users/keshavmac/.m2/repository/io/cucumber/datatable/3.3.1/datatable-3.3.1.jar:/Users/keshavmac/.m2/repository/io/cucumber/cucumber-plugin/6.1.2/cucumber-plugin-6.1.2.jar:/Users/keshavmac/.m2/repository/io/cucumber/docstring/6.1.2/docstring-6.1.2.jar:/Users/keshavmac/.m2/repository/io/cucumber/html-formatter/6.0.3/html-formatter-6.0.3.jar:/Users/keshavmac/.m2/repository/org/apiguardian/apiguardian-api/1.1.0/apiguardian-api-1.1.0.jar:/Users/keshavmac/.m2/repository/net/masterthought/cucumber-reporting/5.3.0/cucumber-reporting-5.3.0.jar:/Users/keshavmac/.m2/repository/com/fasterxml/jackson/core/jackson-databind/2.10.1/jackson-databind-2.10.1.jar:/Users/keshavmac/.m2/repository/com/fasterxml/jackson/core/jackson-annotations/2.10.1/jackson-annotations-2.10.1.jar:/Users/keshavmac/.m2/repository/com/fasterxml/jackson/core/jackson-core/2.10.1/jackson-core-2.10.1.jar:/Users/keshavmac/.m2/repository/com/fasterxml/jackson/datatype/jackson-datatype-jsr310/2.10.1/jackson-datatype-jsr310-2.10.1.jar:/Users/keshavmac/.m2/repository/org/apache/velocity/velocity-engine-core/2.1/velocity-engine-core-2.1.jar:/Users/keshavmac/.m2/repository/commons-collections/commons-collections/3.2.2/commons-collections-3.2.2.jar:/Users/keshavmac/.m2/repository/joda-time/joda-time/2.10.5/joda-time-2.10.5.jar:/Users/keshavmac/.m2/repository/org/codehaus/plexus/plexus-utils/3.3.0/plexus-utils-3.3.0.jar:/Users/keshavmac/.m2/repository/com/googlecode/owasp-java-html-sanitizer/owasp-java-html-sanitizer/20191001.1/owasp-java-html-sanitizer-20191001.1.jar:/Users/keshavmac/.m2/repository/commons-configuration/commons-configuration/1.10/commons-configuration-1.10.jar:/Users/keshavmac/.m2/repository/commons-lang/commons-lang/2.6/commons-lang-2.6.jar:/Users/keshavmac/.m2/repository/io/cucumber/cucumber-testng/6.1.2/cucumber-testng-6.1.2.jar:/Users/keshavmac/.m2/repository/com/github/mkolisnyk/cucumber-runner/1.3.5/cucumber-runner-1.3.5.jar:/Users/keshavmac/.m2/repository/com/github/mkolisnyk/cucumber-report-generator/1.3.5/cucumber-report-generator-1.3.5.jar:/Users/keshavmac/.m2/repository/org/freemarker/freemarker/2.3.26-incubating/freemarker-2.3.26-incubating.jar:/Users/keshavmac/.m2/repository/xml-apis/xml-apis/1.4.01/xml-apis-1.4.01.jar:/Users/keshavmac/.m2/repository/batik/batik-transcoder/1.6-1/batik-transcoder-1.6-1.jar:/Users/keshavmac/.m2/repository/batik/batik-bridge/1.6-1/batik-bridge-1.6-1.jar:/Users/keshavmac/.m2/repository/batik/batik-gvt/1.6-1/batik-gvt-1.6-1.jar:/Users/keshavmac/.m2/repository/batik/batik-awt-util/1.6-1/batik-awt-util-1.6-1.jar:/Users/keshavmac/.m2/repository/batik/batik-util/1.6-1/batik-util-1.6-1.jar:/Users/keshavmac/.m2/repository/batik/batik-gui-util/1.6-1/batik-gui-util-1.6-1.jar:/Users/keshavmac/.m2/repository/batik/batik-ext/1.6-1/batik-ext-1.6-1.jar:/Users/keshavmac/.m2/repository/xml-apis/xmlParserAPIs/2.0.2/xmlParserAPIs-2.0.2.jar:/Users/keshavmac/.m2/repository/batik/batik-script/1.6-1/batik-script-1.6-1.jar:/Users/keshavmac/.m2/repository/rhino/js/1.5R4.1/js-1.5R4.1.jar:/Users/keshavmac/.m2/repository/batik/batik-svg-dom/1.6-1/batik-svg-dom-1.6-1.jar:/Users/keshavmac/.m2/repository/batik/batik-dom/1.6-1/batik-dom-1.6-1.jar:/Users/keshavmac/.m2/repository/batik/batik-css/1.6-1/batik-css-1.6-1.jar:/Users/keshavmac/.m2/repository/batik/batik-xml/1.6-1/batik-xml-1.6-1.jar:/Users/keshavmac/.m2/repository/xerces/xercesImpl/2.5.0/xercesImpl-2.5.0.jar:/Users/keshavmac/.m2/repository/batik/batik-parser/1.6-1/batik-parser-1.6-1.jar:/Users/keshavmac/.m2/repository/com/itextpdf/itextpdf/5.5.11/itextpdf-5.5.11.jar:/Users/keshavmac/.m2/repository/com/cedarsoftware/json-io/4.9.12/json-io-4.9.12.jar:/Users/keshavmac/.m2/repository/info/cukes/cucumber-junit/1.2.5/cucumber-junit-1.2.5.jar:/Users/keshavmac/.m2/repository/info/cukes/cucumber-core/1.2.5/cucumber-core-1.2.5.jar:/Users/keshavmac/.m2/repository/info/cukes/cucumber-html/0.2.3/cucumber-html-0.2.3.jar:/Users/keshavmac/.m2/repository/info/cukes/cucumber-jvm-deps/1.0.5/cucumber-jvm-deps-1.0.5.jar:/Users/keshavmac/.m2/repository/info/cukes/gherkin/2.12.2/gherkin-2.12.2.jar:/Users/keshavmac/.m2/repository/info/cukes/cucumber-testng/1.2.5/cucumber-testng-1.2.5.jar:/Users/keshavmac/.m2/repository/junit/junit/4.12/junit-4.12.jar:/Users/keshavmac/.m2/repository/org/hamcrest/hamcrest-core/1.3/hamcrest-core-1.3.jar:/Users/keshavmac/.m2/repository/org/xhtmlrenderer/flying-saucer-pdf/9.1.7/flying-saucer-pdf-9.1.7.jar:/Users/keshavmac/.m2/repository/com/lowagie/itext/2.1.7/itext-2.1.7.jar:/Users/keshavmac/.m2/repository/org/bouncycastle/bctsp-jdk14/1.38/bctsp-jdk14-1.38.jar:/Users/keshavmac/.m2/repository/org/xhtmlrenderer/flying-saucer-core/9.1.7/flying-saucer-core-9.1.7.jar:/Users/keshavmac/.m2/repository/commons-codec/commons-codec/1.10/commons-codec-1.10.jar:/Users/keshavmac/.m2/repository/org/javassist/javassist/3.22.0-CR2/javassist-3.22.0-CR2.jar:/Users/keshavmac/.m2/repository/org/apache/maven/maven-plugin-api/2.0/maven-plugin-api-2.0.jar:/Users/keshavmac/.m2/repository/org/apache/maven/reporting/maven-reporting-api/2.0.8/maven-reporting-api-2.0.8.jar:/Users/keshavmac/.m2/repository/org/apache/maven/doxia/doxia-sink-api/1.0-alpha-9/doxia-sink-api-1.0-alpha-9.jar:/Users/keshavmac/.m2/repository/org/apache/maven/reporting/maven-reporting-impl/2.0.4.3/maven-reporting-impl-2.0.4.3.jar:/Users/keshavmac/.m2/repository/org/apache/maven/maven-project/2.0.4/maven-project-2.0.4.jar:/Users/keshavmac/.m2/repository/org/apache/maven/maven-settings/2.0.4/maven-settings-2.0.4.jar:/Users/keshavmac/.m2/repository/org/apache/maven/maven-profile/2.0.4/maven-profile-2.0.4.jar:/Users/keshavmac/.m2/repository/org/apache/maven/maven-model/2.0.4/maven-model-2.0.4.jar:/Users/keshavmac/.m2/repository/org/apache/maven/maven-artifact-manager/2.0.4/maven-artifact-manager-2.0.4.jar:/Users/keshavmac/.m2/repository/org/apache/maven/maven-repository-metadata/2.0.4/maven-repository-metadata-2.0.4.jar:/Users/keshavmac/.m2/repository/org/apache/maven/wagon/wagon-provider-api/1.0-alpha-6/wagon-provider-api-1.0-alpha-6.jar:/Users/keshavmac/.m2/repository/org/apache/maven/maven-artifact/2.0.4/maven-artifact-2.0.4.jar:/Users/keshavmac/.m2/repository/org/codehaus/plexus/plexus-container-default/1.0-alpha-9/plexus-container-default-1.0-alpha-9.jar:/Users/keshavmac/.m2/repository/classworlds/classworlds/1.1-alpha-2/classworlds-1.1-alpha-2.jar:/Users/keshavmac/.m2/repository/org/apache/maven/doxia/doxia-core/1.0/doxia-core-1.0.jar:/Users/keshavmac/.m2/repository/org/apache/maven/doxia/doxia-site-renderer/1.0/doxia-site-renderer-1.0.jar:/Users/keshavmac/.m2/repository/org/codehaus/plexus/plexus-i18n/1.0-beta-7/plexus-i18n-1.0-beta-7.jar:/Users/keshavmac/.m2/repository/org/codehaus/plexus/plexus-velocity/1.1.7/plexus-velocity-1.1.7.jar:/Users/keshavmac/.m2/repository/org/apache/velocity/velocity/1.5/velocity-1.5.jar:/Users/keshavmac/.m2/repository/org/apache/maven/doxia/doxia-decoration-model/1.0/doxia-decoration-model-1.0.jar:/Users/keshavmac/.m2/repository/org/apache/maven/doxia/doxia-module-apt/1.0/doxia-module-apt-1.0.jar:/Users/keshavmac/.m2/repository/org/apache/maven/doxia/doxia-module-fml/1.0/doxia-module-fml-1.0.jar:/Users/keshavmac/.m2/repository/org/apache/maven/doxia/doxia-module-xdoc/1.0/doxia-module-xdoc-1.0.jar:/Users/keshavmac/.m2/repository/org/apache/maven/doxia/doxia-module-xhtml/1.0/doxia-module-xhtml-1.0.jar:/Users/keshavmac/.m2/repository/commons-validator/commons-validator/1.2.0/commons-validator-1.2.0.jar:/Users/keshavmac/.m2/repository/commons-beanutils/commons-beanutils/1.7.0/commons-beanutils-1.7.0.jar:/Users/keshavmac/.m2/repository/commons-digester/commons-digester/1.6/commons-digester-1.6.jar:/Users/keshavmac/.m2/repository/oro/oro/2.0.8/oro-2.0.8.jar:/Users/keshavmac/.m2/repository/org/apache/maven/shared/maven-doxia-tools/1.0.2/maven-doxia-tools-1.0.2.jar:/Users/keshavmac/.m2/repository/org/seleniumhq/selenium/selenium-java/3.141.59/selenium-java-3.141.59.jar:/Users/keshavmac/.m2/repository/org/seleniumhq/selenium/selenium-api/3.141.59/selenium-api-3.141.59.jar:/Users/keshavmac/.m2/repository/org/seleniumhq/selenium/selenium-chrome-driver/3.141.59/selenium-chrome-driver-3.141.59.jar:/Users/keshavmac/.m2/repository/org/seleniumhq/selenium/selenium-edge-driver/3.141.59/selenium-edge-driver-3.141.59.jar:/Users/keshavmac/.m2/repository/org/seleniumhq/selenium/selenium-firefox-driver/3.141.59/selenium-firefox-driver-3.141.59.jar:/Users/keshavmac/.m2/repository/org/seleniumhq/selenium/selenium-ie-driver/3.141.59/selenium-ie-driver-3.141.59.jar:/Users/keshavmac/.m2/repository/org/seleniumhq/selenium/selenium-opera-driver/3.141.59/selenium-opera-driver-3.141.59.jar:/Users/keshavmac/.m2/repository/org/seleniumhq/selenium/selenium-remote-driver/3.141.59/selenium-remote-driver-3.141.59.jar:/Users/keshavmac/.m2/repository/org/seleniumhq/selenium/selenium-safari-driver/3.141.59/selenium-safari-driver-3.141.59.jar:/Users/keshavmac/.m2/repository/org/seleniumhq/selenium/selenium-support/3.141.59/selenium-support-3.141.59.jar:/Users/keshavmac/.m2/repository/net/bytebuddy/byte-buddy/1.8.15/byte-buddy-1.8.15.jar:/Users/keshavmac/.m2/repository/org/apache/commons/commons-exec/1.3/commons-exec-1.3.jar:/Users/keshavmac/.m2/repository/com/google/guava/guava/25.0-jre/guava-25.0-jre.jar:/Users/keshavmac/.m2/repository/com/google/code/findbugs/jsr305/1.3.9/jsr305-1.3.9.jar:/Users/keshavmac/.m2/repository/org/checkerframework/checker-compat-qual/2.0.0/checker-compat-qual-2.0.0.jar:/Users/keshavmac/.m2/repository/com/google/errorprone/error_prone_annotations/2.1.3/error_prone_annotations-2.1.3.jar:/Users/keshavmac/.m2/repository/com/google/j2objc/j2objc-annotations/1.1/j2objc-annotations-1.1.jar:/Users/keshavmac/.m2/repository/org/codehaus/mojo/animal-sniffer-annotations/1.14/animal-sniffer-annotations-1.14.jar:/Users/keshavmac/.m2/repository/com/squareup/okhttp3/okhttp/3.11.0/okhttp-3.11.0.jar:/Users/keshavmac/.m2/repository/com/squareup/okio/okio/1.14.0/okio-1.14.0.jar:"/>
    <property name="java.vm.vendor" value="Oracle Corporation"/>
    <property name="sun.arch.data.model" value="64"/>
    <property name="java.vendor.url" value="http://java.oracle.com/"/>
    <property name="user.timezone" value="Asia/Kolkata"/>
    <property name="java.vm.specification.version" value="1.8"/>
    <property name="os.name" value="Mac OS X"/>
    <property name="user.country" value="IN"/>
    <property name="sun.java.launcher" value="SUN_STANDARD"/>
    <property name="sun.boot.library.path" value="/Library/Java/JavaVirtualMachines/jdk1.8.0_261.jdk/Contents/Home/jre/lib"/>
    <property name="sun.java.command" value="/Users/keshavmac/IdeaProjects/com.CucumberHybrid/target/surefire/surefirebooter3217729019247195094.jar /Users/keshavmac/IdeaProjects/com.CucumberHybrid/target/surefire 2020-10-01T00-07-42_034-jvmRun1 surefire8423309202386057671tmp surefire_16306564042644584913tmp"/>
    <property name="http.nonProxyHosts" value="local|*.local|169.254/16|*.169.254/16"/>
    <property name="surefire.test.class.path" value="/Users/keshavmac/IdeaProjects/com.CucumberHybrid/target/test-classes:/Users/keshavmac/IdeaProjects/com.CucumberHybrid/target/classes:/Users/keshavmac/.m2/repository/org/apache/logging/log4j/log4j-core/2.13.3/log4j-core-2.13.3.jar:/Users/keshavmac/.m2/repository/org/apache/logging/log4j/log4j-api/2.13.3/log4j-api-2.13.3.jar:/Users/keshavmac/.m2/repository/io/github/bonigarcia/webdrivermanager/3.8.1/webdrivermanager-3.8.1.jar:/Users/keshavmac/.m2/repository/org/slf4j/slf4j-api/1.7.25/slf4j-api-1.7.25.jar:/Users/keshavmac/.m2/repository/commons-io/commons-io/2.6/commons-io-2.6.jar:/Users/keshavmac/.m2/repository/com/google/code/gson/gson/2.8.5/gson-2.8.5.jar:/Users/keshavmac/.m2/repository/org/apache/commons/commons-lang3/3.8.1/commons-lang3-3.8.1.jar:/Users/keshavmac/.m2/repository/org/apache/httpcomponents/httpclient/4.5.6/httpclient-4.5.6.jar:/Users/keshavmac/.m2/repository/org/apache/httpcomponents/httpcore/4.4.10/httpcore-4.4.10.jar:/Users/keshavmac/.m2/repository/commons-logging/commons-logging/1.2/commons-logging-1.2.jar:/Users/keshavmac/.m2/repository/org/rauschig/jarchivelib/1.0.0/jarchivelib-1.0.0.jar:/Users/keshavmac/.m2/repository/org/apache/commons/commons-compress/1.18/commons-compress-1.18.jar:/Users/keshavmac/.m2/repository/org/jsoup/jsoup/1.11.3/jsoup-1.11.3.jar:/Users/keshavmac/.m2/repository/org/testng/testng/6.14.3/testng-6.14.3.jar:/Users/keshavmac/.m2/repository/com/beust/jcommander/1.72/jcommander-1.72.jar:/Users/keshavmac/.m2/repository/org/apache-extras/beanshell/bsh/2.0b6/bsh-2.0b6.jar:/Users/keshavmac/.m2/repository/io/cucumber/cucumber-java/6.1.2/cucumber-java-6.1.2.jar:/Users/keshavmac/.m2/repository/io/cucumber/cucumber-core/6.1.2/cucumber-core-6.1.2.jar:/Users/keshavmac/.m2/repository/io/cucumber/cucumber-gherkin/6.1.2/cucumber-gherkin-6.1.2.jar:/Users/keshavmac/.m2/repository/io/cucumber/cucumber-gherkin-messages/6.1.2/cucumber-gherkin-messages-6.1.2.jar:/Users/keshavmac/.m2/repository/io/cucumber/messages/12.1.1/messages-12.1.1.jar:/Users/keshavmac/.m2/repository/io/cucumber/tag-expressions/3.0.0/tag-expressions-3.0.0.jar:/Users/keshavmac/.m2/repository/io/cucumber/cucumber-expressions/10.2.1/cucumber-expressions-10.2.1.jar:/Users/keshavmac/.m2/repository/io/cucumber/datatable/3.3.1/datatable-3.3.1.jar:/Users/keshavmac/.m2/repository/io/cucumber/cucumber-plugin/6.1.2/cucumber-plugin-6.1.2.jar:/Users/keshavmac/.m2/repository/io/cucumber/docstring/6.1.2/docstring-6.1.2.jar:/Users/keshavmac/.m2/repository/io/cucumber/html-formatter/6.0.3/html-formatter-6.0.3.jar:/Users/keshavmac/.m2/repository/org/apiguardian/apiguardian-api/1.1.0/apiguardian-api-1.1.0.jar:/Users/keshavmac/.m2/repository/net/masterthought/cucumber-reporting/5.3.0/cucumber-reporting-5.3.0.jar:/Users/keshavmac/.m2/repository/com/fasterxml/jackson/core/jackson-databind/2.10.1/jackson-databind-2.10.1.jar:/Users/keshavmac/.m2/repository/com/fasterxml/jackson/core/jackson-annotations/2.10.1/jackson-annotations-2.10.1.jar:/Users/keshavmac/.m2/repository/com/fasterxml/jackson/core/jackson-core/2.10.1/jackson-core-2.10.1.jar:/Users/keshavmac/.m2/repository/com/fasterxml/jackson/datatype/jackson-datatype-jsr310/2.10.1/jackson-datatype-jsr310-2.10.1.jar:/Users/keshavmac/.m2/repository/org/apache/velocity/velocity-engine-core/2.1/velocity-engine-core-2.1.jar:/Users/keshavmac/.m2/repository/commons-collections/commons-collections/3.2.2/commons-collections-3.2.2.jar:/Users/keshavmac/.m2/repository/joda-time/joda-time/2.10.5/joda-time-2.10.5.jar:/Users/keshavmac/.m2/repository/org/codehaus/plexus/plexus-utils/3.3.0/plexus-utils-3.3.0.jar:/Users/keshavmac/.m2/repository/com/googlecode/owasp-java-html-sanitizer/owasp-java-html-sanitizer/20191001.1/owasp-java-html-sanitizer-20191001.1.jar:/Users/keshavmac/.m2/repository/commons-configuration/commons-configuration/1.10/commons-configuration-1.10.jar:/Users/keshavmac/.m2/repository/commons-lang/commons-lang/2.6/commons-lang-2.6.jar:/Users/keshavmac/.m2/repository/io/cucumber/cucumber-testng/6.1.2/cucumber-testng-6.1.2.jar:/Users/keshavmac/.m2/repository/com/github/mkolisnyk/cucumber-runner/1.3.5/cucumber-runner-1.3.5.jar:/Users/keshavmac/.m2/repository/com/github/mkolisnyk/cucumber-report-generator/1.3.5/cucumber-report-generator-1.3.5.jar:/Users/keshavmac/.m2/repository/org/freemarker/freemarker/2.3.26-incubating/freemarker-2.3.26-incubating.jar:/Users/keshavmac/.m2/repository/xml-apis/xml-apis/1.4.01/xml-apis-1.4.01.jar:/Users/keshavmac/.m2/repository/batik/batik-transcoder/1.6-1/batik-transcoder-1.6-1.jar:/Users/keshavmac/.m2/repository/batik/batik-bridge/1.6-1/batik-bridge-1.6-1.jar:/Users/keshavmac/.m2/repository/batik/batik-gvt/1.6-1/batik-gvt-1.6-1.jar:/Users/keshavmac/.m2/repository/batik/batik-awt-util/1.6-1/batik-awt-util-1.6-1.jar:/Users/keshavmac/.m2/repository/batik/batik-util/1.6-1/batik-util-1.6-1.jar:/Users/keshavmac/.m2/repository/batik/batik-gui-util/1.6-1/batik-gui-util-1.6-1.jar:/Users/keshavmac/.m2/repository/batik/batik-ext/1.6-1/batik-ext-1.6-1.jar:/Users/keshavmac/.m2/repository/xml-apis/xmlParserAPIs/2.0.2/xmlParserAPIs-2.0.2.jar:/Users/keshavmac/.m2/repository/batik/batik-script/1.6-1/batik-script-1.6-1.jar:/Users/keshavmac/.m2/repository/rhino/js/1.5R4.1/js-1.5R4.1.jar:/Users/keshavmac/.m2/repository/batik/batik-svg-dom/1.6-1/batik-svg-dom-1.6-1.jar:/Users/keshavmac/.m2/repository/batik/batik-dom/1.6-1/batik-dom-1.6-1.jar:/Users/keshavmac/.m2/repository/batik/batik-css/1.6-1/batik-css-1.6-1.jar:/Users/keshavmac/.m2/repository/batik/batik-xml/1.6-1/batik-xml-1.6-1.jar:/Users/keshavmac/.m2/repository/xerces/xercesImpl/2.5.0/xercesImpl-2.5.0.jar:/Users/keshavmac/.m2/repository/batik/batik-parser/1.6-1/batik-parser-1.6-1.jar:/Users/keshavmac/.m2/repository/com/itextpdf/itextpdf/5.5.11/itextpdf-5.5.11.jar:/Users/keshavmac/.m2/repository/com/cedarsoftware/json-io/4.9.12/json-io-4.9.12.jar:/Users/keshavmac/.m2/repository/info/cukes/cucumber-junit/1.2.5/cucumber-junit-1.2.5.jar:/Users/keshavmac/.m2/repository/info/cukes/cucumber-core/1.2.5/cucumber-core-1.2.5.jar:/Users/keshavmac/.m2/repository/info/cukes/cucumber-html/0.2.3/cucumber-html-0.2.3.jar:/Users/keshavmac/.m2/repository/info/cukes/cucumber-jvm-deps/1.0.5/cucumber-jvm-deps-1.0.5.jar:/Users/keshavmac/.m2/repository/info/cukes/gherkin/2.12.2/gherkin-2.12.2.jar:/Users/keshavmac/.m2/repository/info/cukes/cucumber-testng/1.2.5/cucumber-testng-1.2.5.jar:/Users/keshavmac/.m2/repository/junit/junit/4.12/junit-4.12.jar:/Users/keshavmac/.m2/repository/org/hamcrest/hamcrest-core/1.3/hamcrest-core-1.3.jar:/Users/keshavmac/.m2/repository/org/xhtmlrenderer/flying-saucer-pdf/9.1.7/flying-saucer-pdf-9.1.7.jar:/Users/keshavmac/.m2/repository/com/lowagie/itext/2.1.7/itext-2.1.7.jar:/Users/keshavmac/.m2/repository/org/bouncycastle/bctsp-jdk14/1.38/bctsp-jdk14-1.38.jar:/Users/keshavmac/.m2/repository/org/xhtmlrenderer/flying-saucer-core/9.1.7/flying-saucer-core-9.1.7.jar:/Users/keshavmac/.m2/repository/commons-codec/commons-codec/1.10/commons-codec-1.10.jar:/Users/keshavmac/.m2/repository/org/javassist/javassist/3.22.0-CR2/javassist-3.22.0-CR2.jar:/Users/keshavmac/.m2/repository/org/apache/maven/maven-plugin-api/2.0/maven-plugin-api-2.0.jar:/Users/keshavmac/.m2/repository/org/apache/maven/reporting/maven-reporting-api/2.0.8/maven-reporting-api-2.0.8.jar:/Users/keshavmac/.m2/repository/org/apache/maven/doxia/doxia-sink-api/1.0-alpha-9/doxia-sink-api-1.0-alpha-9.jar:/Users/keshavmac/.m2/repository/org/apache/maven/reporting/maven-reporting-impl/2.0.4.3/maven-reporting-impl-2.0.4.3.jar:/Users/keshavmac/.m2/repository/org/apache/maven/maven-project/2.0.4/maven-project-2.0.4.jar:/Users/keshavmac/.m2/repository/org/apache/maven/maven-settings/2.0.4/maven-settings-2.0.4.jar:/Users/keshavmac/.m2/repository/org/apache/maven/maven-profile/2.0.4/maven-profile-2.0.4.jar:/Users/keshavmac/.m2/repository/org/apache/maven/maven-model/2.0.4/maven-model-2.0.4.jar:/Users/keshavmac/.m2/repository/org/apache/maven/maven-artifact-manager/2.0.4/maven-artifact-manager-2.0.4.jar:/Users/keshavmac/.m2/repository/org/apache/maven/maven-repository-metadata/2.0.4/maven-repository-metadata-2.0.4.jar:/Users/keshavmac/.m2/repository/org/apache/maven/wagon/wagon-provider-api/1.0-alpha-6/wagon-provider-api-1.0-alpha-6.jar:/Users/keshavmac/.m2/repository/org/apache/maven/maven-artifact/2.0.4/maven-artifact-2.0.4.jar:/Users/keshavmac/.m2/repository/org/codehaus/plexus/plexus-container-default/1.0-alpha-9/plexus-container-default-1.0-alpha-9.jar:/Users/keshavmac/.m2/repository/classworlds/classworlds/1.1-alpha-2/classworlds-1.1-alpha-2.jar:/Users/keshavmac/.m2/repository/org/apache/maven/doxia/doxia-core/1.0/doxia-core-1.0.jar:/Users/keshavmac/.m2/repository/org/apache/maven/doxia/doxia-site-renderer/1.0/doxia-site-renderer-1.0.jar:/Users/keshavmac/.m2/repository/org/codehaus/plexus/plexus-i18n/1.0-beta-7/plexus-i18n-1.0-beta-7.jar:/Users/keshavmac/.m2/repository/org/codehaus/plexus/plexus-velocity/1.1.7/plexus-velocity-1.1.7.jar:/Users/keshavmac/.m2/repository/org/apache/velocity/velocity/1.5/velocity-1.5.jar:/Users/keshavmac/.m2/repository/org/apache/maven/doxia/doxia-decoration-model/1.0/doxia-decoration-model-1.0.jar:/Users/keshavmac/.m2/repository/org/apache/maven/doxia/doxia-module-apt/1.0/doxia-module-apt-1.0.jar:/Users/keshavmac/.m2/repository/org/apache/maven/doxia/doxia-module-fml/1.0/doxia-module-fml-1.0.jar:/Users/keshavmac/.m2/repository/org/apache/maven/doxia/doxia-module-xdoc/1.0/doxia-module-xdoc-1.0.jar:/Users/keshavmac/.m2/repository/org/apache/maven/doxia/doxia-module-xhtml/1.0/doxia-module-xhtml-1.0.jar:/Users/keshavmac/.m2/repository/commons-validator/commons-validator/1.2.0/commons-validator-1.2.0.jar:/Users/keshavmac/.m2/repository/commons-beanutils/commons-beanutils/1.7.0/commons-beanutils-1.7.0.jar:/Users/keshavmac/.m2/repository/commons-digester/commons-digester/1.6/commons-digester-1.6.jar:/Users/keshavmac/.m2/repository/oro/oro/2.0.8/oro-2.0.8.jar:/Users/keshavmac/.m2/repository/org/apache/maven/shared/maven-doxia-tools/1.0.2/maven-doxia-tools-1.0.2.jar:/Users/keshavmac/.m2/repository/org/seleniumhq/selenium/selenium-java/3.141.59/selenium-java-3.141.59.jar:/Users/keshavmac/.m2/repository/org/seleniumhq/selenium/selenium-api/3.141.59/selenium-api-3.141.59.jar:/Users/keshavmac/.m2/repository/org/seleniumhq/selenium/selenium-chrome-driver/3.141.59/selenium-chrome-driver-3.141.59.jar:/Users/keshavmac/.m2/repository/org/seleniumhq/selenium/selenium-edge-driver/3.141.59/selenium-edge-driver-3.141.59.jar:/Users/keshavmac/.m2/repository/org/seleniumhq/selenium/selenium-firefox-driver/3.141.59/selenium-firefox-driver-3.141.59.jar:/Users/keshavmac/.m2/repository/org/seleniumhq/selenium/selenium-ie-driver/3.141.59/selenium-ie-driver-3.141.59.jar:/Users/keshavmac/.m2/repository/org/seleniumhq/selenium/selenium-opera-driver/3.141.59/selenium-opera-driver-3.141.59.jar:/Users/keshavmac/.m2/repository/org/seleniumhq/selenium/selenium-remote-driver/3.141.59/selenium-remote-driver-3.141.59.jar:/Users/keshavmac/.m2/repository/org/seleniumhq/selenium/selenium-safari-driver/3.141.59/selenium-safari-driver-3.141.59.jar:/Users/keshavmac/.m2/repository/org/seleniumhq/selenium/selenium-support/3.141.59/selenium-support-3.141.59.jar:/Users/keshavmac/.m2/repository/net/bytebuddy/byte-buddy/1.8.15/byte-buddy-1.8.15.jar:/Users/keshavmac/.m2/repository/org/apache/commons/commons-exec/1.3/commons-exec-1.3.jar:/Users/keshavmac/.m2/repository/com/google/guava/guava/25.0-jre/guava-25.0-jre.jar:/Users/keshavmac/.m2/repository/com/google/code/findbugs/jsr305/1.3.9/jsr305-1.3.9.jar:/Users/keshavmac/.m2/repository/org/checkerframework/checker-compat-qual/2.0.0/checker-compat-qual-2.0.0.jar:/Users/keshavmac/.m2/repository/com/google/errorprone/error_prone_annotations/2.1.3/error_prone_annotations-2.1.3.jar:/Users/keshavmac/.m2/repository/com/google/j2objc/j2objc-annotations/1.1/j2objc-annotations-1.1.jar:/Users/keshavmac/.m2/repository/org/codehaus/mojo/animal-sniffer-annotations/1.14/animal-sniffer-annotations-1.14.jar:/Users/keshavmac/.m2/repository/com/squareup/okhttp3/okhttp/3.11.0/okhttp-3.11.0.jar:/Users/keshavmac/.m2/repository/com/squareup/okio/okio/1.14.0/okio-1.14.0.jar:"/>
    <property name="sun.cpu.endian" value="little"/>
    <property name="user.home" value="/Users/keshavmac"/>
    <property name="user.language" value="en"/>
    <property name="java.specification.vendor" value="Oracle Corporation"/>
    <property name="java.home" value="/Library/Java/JavaVirtualMachines/jdk1.8.0_261.jdk/Contents/Home/jre"/>
    <property name="basedir" value="/Users/keshavmac/IdeaProjects/com.CucumberHybrid"/>
    <property name="file.separator" value="/"/>
    <property name="line.separator" value="&#10;"/>
    <property name="java.vm.specification.vendor" value="Oracle Corporation"/>
    <property name="java.specification.name" value="Java Platform API Specification"/>
    <property name="java.awt.graphicsenv" value="sun.awt.CGraphicsEnvironment"/>
    <property name="surefire.real.class.path" value="/Users/keshavmac/IdeaProjects/com.CucumberHybrid/target/surefire/surefirebooter3217729019247195094.jar"/>
    <property name="sun.boot.class.path" value="/Library/Java/JavaVirtualMachines/jdk1.8.0_261.jdk/Contents/Home/jre/lib/resources.jar:/Library/Java/JavaVirtualMachines/jdk1.8.0_261.jdk/Contents/Home/jre/lib/rt.jar:/Library/Java/JavaVirtualMachines/jdk1.8.0_261.jdk/Contents/Home/jre/lib/sunrsasign.jar:/Library/Java/JavaVirtualMachines/jdk1.8.0_261.jdk/Contents/Home/jre/lib/jsse.jar:/Library/Java/JavaVirtualMachines/jdk1.8.0_261.jdk/Contents/Home/jre/lib/jce.jar:/Library/Java/JavaVirtualMachines/jdk1.8.0_261.jdk/Contents/Home/jre/lib/charsets.jar:/Library/Java/JavaVirtualMachines/jdk1.8.0_261.jdk/Contents/Home/jre/lib/jfr.jar:/Library/Java/JavaVirtualMachines/jdk1.8.0_261.jdk/Contents/Home/jre/classes"/>
    <property name="sun.management.compiler" value="HotSpot 64-Bit Tiered Compilers"/>
    <property name="ftp.nonProxyHosts" value="local|*.local|169.254/16|*.169.254/16"/>
    <property name="java.runtime.version" value="1.8.0_261-b12"/>
    <property name="user.name" value="keshavmac"/>
    <property name="path.separator" value=":"/>
    <property name="os.version" value="10.15.6"/>
    <property name="java.endorsed.dirs" value="/Library/Java/JavaVirtualMachines/jdk1.8.0_261.jdk/Contents/Home/jre/lib/endorsed"/>
    <property name="java.runtime.name" value="Java(TM) SE Runtime Environment"/>
    <property name="file.encoding" value="US-ASCII"/>
    <property name="java.vm.name" value="Java HotSpot(TM) 64-Bit Server VM"/>
    <property name="localRepository" value="/Users/keshavmac/.m2/repository"/>
    <property name="java.vendor.url.bug" value="http://bugreport.sun.com/bugreport/"/>
    <property name="java.io.tmpdir" value="/var/folders/15/8f6t0b8121j_tc3bph_ydfh00000gn/T/"/>
    <property name="idea.version" value="2020.2.2"/>
    <property name="java.version" value="1.8.0_261"/>
    <property name="user.dir" value="/Users/keshavmac/IdeaProjects/com.CucumberHybrid"/>
    <property name="os.arch" value="x86_64"/>
    <property name="java.vm.specification.name" value="Java Virtual Machine Specification"/>
    <property name="java.awt.printerjob" value="sun.lwawt.macosx.CPrinterJob"/>
    <property name="sun.os.patch.level" value="unknown"/>
    <property name="java.library.path" value="/Users/keshavmac/Library/Java/Extensions:/Library/Java/Extensions:/Network/Library/Java/Extensions:/System/Library/Java/Extensions:/usr/lib/java:."/>
    <property name="java.vm.info" value="mixed mode"/>
    <property name="java.vendor" value="Oracle Corporation"/>
    <property name="java.vm.version" value="25.261-b12"/>
    <property name="java.ext.dirs" value="/Users/keshavmac/Library/Java/Extensions:/Library/Java/JavaVirtualMachines/jdk1.8.0_261.jdk/Contents/Home/jre/lib/ext:/Library/Java/Extensions:/Network/Library/Java/Extensions:/System/Library/Java/Extensions:/usr/lib/java"/>
    <property name="sun.io.unicode.encoding" value="UnicodeBig"/>
    <property name="java.class.version" value="52.0"/>
    <property name="socksNonProxyHosts" value="local|*.local|169.254/16|*.169.254/16"/>
  </properties>
  <testcase name="runScenario[&quot;To test search functionality with blank submit&quot;, &quot;Optional[To test the Search feature of application]&quot;](1)" classname="com.framework.runners.ProjectRunner" time="15.479">
    <failure message="expected [true] but found [false]" type="java.lang.AssertionError"><![CDATA[java.lang.AssertionError: expected [true] but found [false]
]]></failure>
    <system-out><![CDATA[
@run
Scenario: To test search functionality with blank submit                           # src/test/java/com/framework/features/Home.feature:7
[INFO ] 2020-10-01 00:07:43.934 [main] BaseSetup - New Webdriver instance invoked
[INFO ] 2020-10-01 00:07:45.386 [main] BaseSetup - Chrome browser instance launched successfully
  When user opens browser and navigates to test url                                # com.framework.stepDef.Common_stepDef.user_opens_browser_and_navigates_to_test_url()
The page title verified is My Store
[DEBUG] 2020-10-01 00:07:54.754 [main] HomePage_PF - Banner on homepage of website has been validated.
  Given user should be on home page                                                # com.framework.stepDef.Home_stepDef.user_should_be_on_home_page()
[DEBUG] 2020-10-01 00:07:54.789 [main] HomePage_PF - Search field on homepage has been validated.
  And search textfield should be visible                                           # com.framework.stepDef.Home_stepDef.search_textfield_should_be_visible()
[DEBUG] 2020-10-01 00:07:57.717 [main] HomePage_PF - Search icon has been clicked.
  When user clicks on search button                                                # com.framework.stepDef.Home_stepDef.user_clicks_on_search_button()
[DEBUG] 2020-10-01 00:07:57.769 [main] ProductList_PF - The validation message validated is Please enter a search keyword
  Then user should be displayed validation message "Please enter a search keyword" # com.framework.stepDef.ProductList_stepDef.user_should_be_displayed_validation_message(java.lang.String)
      java.lang.AssertionError: expected [true] but found [false]
	at org.testng.Assert.fail(Assert.java:96)
	at org.testng.Assert.failNotEquals(Assert.java:776)
	at org.testng.Assert.assertTrue(Assert.java:44)
	at org.testng.Assert.assertTrue(Assert.java:54)
	at com.framework.stepDef.ProductList_stepDef.user_should_be_displayed_validation_message(ProductList_stepDef.java:14)
	at ���.user should be displayed validation message "Please enter a search keyword"(file:///Users/keshavmac/IdeaProjects/com.CucumberHybrid/src/test/java/com/framework/features/Home.feature:11)


    Scenario To test search functionality with blank submit has been failed


    Embedding To test search functionality with blank submit [image/png 367133 bytes]

[INFO ] 2020-10-01 00:07:58.863 [main] ProductList_PF - Webdriver instance has been closed
]]></system-out>
    <system-err><![CDATA[SLF4J: Failed to load class "org.slf4j.impl.StaticLoggerBinder".
SLF4J: Defaulting to no-operation (NOP) logger implementation
SLF4J: See http://www.slf4j.org/codes.html#StaticLoggerBinder for further details.
Starting ChromeDriver 85.0.4183.87 (cd6713ebf92fa1cacc0f1a598df280093af0c5d7-refs/branch-heads/4183@{#1689}) on port 6006
Only local connections are allowed.
Please see https://chromedriver.chromium.org/security-considerations for suggestions on keeping ChromeDriver safe.
ChromeDriver was started successfully.
Oct 01, 2020 12:07:45 AM org.openqa.selenium.remote.ProtocolHandshake createSession
INFO: Detected dialect: W3C
]]></system-err>
  </testcase>
</testsuite>