<?xml version="1.0" encoding="UTF-8"?>
<!-- Generated by org.testng.reporters.JUnitReportReporter -->
<testsuite skipped="0" hostname="KeshavPC" name="com.Hybrid_framework.Testcases.LoginTest" tests="2" failures="0" timestamp="10 Jun 2020 12:21:46 GMT" time="14.444" errors="0">
  <testcase name="searchtext" time="7.962" classname="com.Hybrid_framework.Testcases.LoginTest"/>
  <testcase name="searchtext" time="6.482" classname="com.Hybrid_framework.Testcases.LoginTest"/>
</testsuite> <!-- com.Hybrid_framework.Testcases.LoginTest -->
