<?xml version="1.0" encoding="UTF-8"?>
<!-- Generated by org.testng.reporters.JUnitReportReporter -->
<testsuite skipped="0" hostname="KeshavPC" name="com.hompageTest.VerifyHomepage" tests="1" failures="0" timestamp="21 Oct 2018 16:25:14 GMT" time="0.507" errors="0">
  <testcase name="checkHomepage" time="0.507" classname="com.hompageTest.VerifyHomepage"/>
</testsuite> <!-- com.hompageTest.VerifyHomepage -->
