<?xml version="1.0" encoding="UTF-8"?>
<!-- Generated by org.testng.reporters.JUnitReportReporter -->
<testsuite skipped="0" hostname="KeshavPC" name="com.signuptest.VerifysignupOne" tests="3" failures="0" timestamp="21 Oct 2018 16:25:14 GMT" time="6.935" errors="0">
  <testcase name="checksignupByValidEmail" time="2.035" classname="com.signuptest.VerifysignupOne"/>
  <testcase name="checksignupByInvalidEmail" time="2.095" classname="com.signuptest.VerifysignupOne"/>
  <testcase name="checksignupByBlanksubmit" time="2.805" classname="com.signuptest.VerifysignupOne"/>
</testsuite> <!-- com.signuptest.VerifysignupOne -->
