<?xml version="1.0" encoding="UTF-8"?>
<!-- Generated by org.testng.reporters.JUnitReportReporter -->
<testsuite skipped="0" hostname="KeshavPC" name="com.Singleton.hompageTest.VerifyHomepage" tests="1" failures="0" timestamp="09 Jul 2020 18:49:24 GMT" time="0.088" errors="0">
  <testcase name="checkHomepage" time="0.088" classname="com.Singleton.hompageTest.VerifyHomepage"/>
</testsuite> <!-- com.Singleton.hompageTest.VerifyHomepage -->
