<?xml version="1.0" encoding="UTF-8"?>
<!-- Generated by org.testng.reporters.JUnitReportReporter -->
<testsuite skipped="0" hostname="KeshavPC" name="com.Singleton.signuptest.VerifysignupOne" tests="5" failures="0" timestamp="09 Jul 2020 18:49:24 GMT" time="10.292" errors="0">
  <testcase name="checksignupByValidEmail" time="1.999" classname="com.Singleton.signuptest.VerifysignupOne"/>
  <testcase name="checksignupByBlanksubmit" time="2.288" classname="com.Singleton.signuptest.VerifysignupOne"/>
  <testcase name="checksignupByInvalidEmail" time="1.870" classname="com.Singleton.signuptest.VerifysignupOne"/>
  <testcase name="checksignupByInvalidEmail" time="1.912" classname="com.Singleton.signuptest.VerifysignupOne"/>
  <testcase name="checksignupByInvalidEmail" time="2.223" classname="com.Singleton.signuptest.VerifysignupOne"/>
</testsuite> <!-- com.Singleton.signuptest.VerifysignupOne -->
