<?xml version="1.0" encoding="UTF-8"?>
<!-- Generated by org.testng.reporters.JUnitReportReporter -->
<testsuite skipped="0" hostname="Keshavs-MBP" name="com.Hybrid_framework.Testcases.LoginTest" tests="2" failures="0" timestamp="31 Aug 2020 17:33:53 GMT" time="12.079" errors="0">
  <testcase name="searchtext" time="6.229" classname="com.Hybrid_framework.Testcases.LoginTest"/>
  <testcase name="searchtext" time="5.850" classname="com.Hybrid_framework.Testcases.LoginTest"/>
</testsuite> <!-- com.Hybrid_framework.Testcases.LoginTest -->
