<?xml version="1.0" encoding="UTF-8"?>
<!-- Generated by org.testng.reporters.JUnitReportReporter -->
<testsuite skipped="0" hostname="Keshavs-MBP" name="com.Guru99telecom.runners.TestRunner" tests="1" failures="0" timestamp="30 Sep 2020 19:35:52 GMT" time="10.647" errors="0">
  <testcase name="runScenario" time="10.647" classname="com.Guru99telecom.runners.TestRunner"/>
</testsuite> <!-- com.Guru99telecom.runners.TestRunner -->
