<?xml version="1.0" encoding="UTF-8"?>
<!-- Generated by org.testng.reporters.JUnitReportReporter -->
<testsuite hostname="Keshav-Dwivedi.local" failures="0" tests="8" name="GetRequests.GetCustomerNotesPage" time="0.032" errors="0" timestamp="2023-05-08T15:15:57 IST" skipped="0">
  <testcase classname="GetRequests.GetCustomerNotesPage" name="getGetCustomerNotesRequest_checkResponse" time="0.011"/>
  <system-out/>
  <testcase classname="GetRequests.GetCustomerNotesPage" name="getGetCustomerNotesRequest_checkResponseTime" time="0.002"/>
  <system-out/>
  <testcase classname="GetRequests.GetCustomerNotesPage" name="getGetCustomerNotesRequest_checkStatusCode" time="0.001"/>
  <system-out/>
  <testcase classname="GetRequests.GetCustomerNotesPage" name="getGetCustomerNotesRequest_checkResponseStatusLine" time="0.002"/>
  <system-out/>
  <testcase classname="GetRequests.GetCustomerNotesPage" name="getGetCustomerNotesRequest_checkHeaderContents" time="0.000"/>
  <system-out/>
  <testcase classname="GetRequests.GetCustomerNotesPage" name="getGetCustomerNotesRequest_checkContentType" time="0.000"/>
  <system-out/>
  <testcase classname="GetRequests.GetCustomerNotesPage" name="getGetCustomerNotesRequest_checkResponseTitleText" time="0.015"/>
  <system-out/>
  <testcase classname="GetRequests.GetCustomerNotesPage" name="getGetCustomerNotesRequest_checkMainResponseHeading" time="0.001"/>
  <system-out/>
</testsuite> <!-- GetRequests.GetCustomerNotesPage -->
