<?xml version="1.0" encoding="UTF-8"?>
<!-- Generated by org.testng.reporters.JUnitReportReporter -->
<testsuite hostname="Keshav-Dwivedi.local" failures="0" tests="8" name="GetRequests.GetCheckSettings" time="0.052" errors="0" timestamp="2023-05-08T15:15:57 IST" skipped="0">
  <testcase classname="GetRequests.GetCheckSettings" name="getCheckedSettingsRequest" time="0.022"/>
  <system-out/>
  <testcase classname="GetRequests.GetCheckSettings" name="getCheckedSetting_checkResponseTime" time="0.002"/>
  <system-out/>
  <testcase classname="GetRequests.GetCheckSettings" name="getCheckedSetting_checkStatusCode" time="0.001"/>
  <system-out/>
  <testcase classname="GetRequests.GetCheckSettings" name="getCheckedSetting_checkResponseStatusLine" time="0.000"/>
  <system-out/>
  <testcase classname="GetRequests.GetCheckSettings" name="getCheckedSetting_checkHeaderContents" time="0.000"/>
  <system-out/>
  <testcase classname="GetRequests.GetCheckSettings" name="getCheckedSetting_checkContentType" time="0.001"/>
  <system-out/>
  <testcase classname="GetRequests.GetCheckSettings" name="getCheckedSetting_checkResponseTitleText" time="0.025"/>
  <system-out/>
  <testcase classname="GetRequests.GetCheckSettings" name="getCheckedSetting_checkMainResponseHeading" time="0.001"/>
  <system-out/>
</testsuite> <!-- GetRequests.GetCheckSettings -->
