<?xml version="1.0" encoding="UTF-8"?>
<!-- Generated by org.testng.reporters.JUnitReportReporter -->
<testsuite hostname="Keshav-Dwivedi.local" failures="0" tests="8" name="GetRequests.GetStartupPage" time="0.023" errors="0" timestamp="2023-05-08T15:15:57 IST" skipped="0">
  <testcase classname="GetRequests.GetStartupPage" name="getClientIdRequest_checkResponse" time="0.005"/>
  <system-out/>
  <testcase classname="GetRequests.GetStartupPage" name="getClientIdRequest_checkResponseTime" time="0.002"/>
  <system-out/>
  <testcase classname="GetRequests.GetStartupPage" name="getClientIdRequest_checkStatusCode" time="0.001"/>
  <system-out/>
  <testcase classname="GetRequests.GetStartupPage" name="getClientIdRequest_checkResponseStatusLine" time="0.001"/>
  <system-out/>
  <testcase classname="GetRequests.GetStartupPage" name="getClientIdRequest_checkHeaderContents" time="0.000"/>
  <system-out/>
  <testcase classname="GetRequests.GetStartupPage" name="getClientIdRequest_checkContentType" time="0.000"/>
  <system-out/>
  <testcase classname="GetRequests.GetStartupPage" name="getClientIdRequest_checkResponseTitleText" time="0.013"/>
  <system-out/>
  <testcase classname="GetRequests.GetStartupPage" name="getClientIdRequest_checkMainResponseHeading" time="0.001"/>
  <system-out/>
</testsuite> <!-- GetRequests.GetStartupPage -->
