<?xml version="1.0" encoding="UTF-8"?>
<!-- Generated by org.testng.reporters.JUnitReportReporter -->
<testsuite hostname="Keshav-Dwivedi.local" failures="0" tests="8" name="GetRequests.GetLogoutPage" time="0.025" errors="0" timestamp="2023-05-08T15:15:57 IST" skipped="0">
  <testcase classname="GetRequests.GetLogoutPage" name="getDistributorPageRequest_checkResponse" time="0.007"/>
  <system-out/>
  <testcase classname="GetRequests.GetLogoutPage" name="getDistributorPageRequest_checkResponseTime" time="0.001"/>
  <system-out/>
  <testcase classname="GetRequests.GetLogoutPage" name="getDistributorPageRequest_checkStatusCode" time="0.001"/>
  <system-out/>
  <testcase classname="GetRequests.GetLogoutPage" name="getDistributorPageRequest_checkResponseStatusLine" time="0.001"/>
  <system-out/>
  <testcase classname="GetRequests.GetLogoutPage" name="getDistributorPageRequest_checkHeaderContents" time="0.000"/>
  <system-out/>
  <testcase classname="GetRequests.GetLogoutPage" name="getDistributorPageRequest_checkContentType" time="0.000"/>
  <system-out/>
  <testcase classname="GetRequests.GetLogoutPage" name="getDistributorPageRequest_checkResponseTitleText" time="0.014"/>
  <system-out/>
  <testcase classname="GetRequests.GetLogoutPage" name="getDistributorPageRequest_checkMainResponseHeading" time="0.001"/>
  <system-out/>
</testsuite> <!-- GetRequests.GetLogoutPage -->
