<?xml version="1.0" encoding="UTF-8"?>
<!-- Generated by org.testng.reporters.JUnitReportReporter -->
<testsuite hostname="Keshav-Dwivedi.local" failures="0" tests="8" name="GetRequests.GetCalendarEventPage" time="0.981" errors="0" timestamp="2023-05-08T15:15:57 IST" skipped="0">
  <testcase classname="GetRequests.GetCalendarEventPage" name="getCalendarEventRequest_checkResponse" time="0.330"/>
  <system-out/>
  <testcase classname="GetRequests.GetCalendarEventPage" name="getCalendarEventRequest_checkResponseTime" time="0.031"/>
  <system-out/>
  <testcase classname="GetRequests.GetCalendarEventPage" name="getCalendarEventRequest_checkStatusCode" time="0.006"/>
  <system-out/>
  <testcase classname="GetRequests.GetCalendarEventPage" name="getCalendarEventRequest_checkResponseStatusLine" time="0.004"/>
  <system-out/>
  <testcase classname="GetRequests.GetCalendarEventPage" name="getCalendarEventRequest_checkHeaderContents" time="0.004"/>
  <system-out/>
  <testcase classname="GetRequests.GetCalendarEventPage" name="getCalendarEventRequest_checkContentType" time="0.001"/>
  <system-out/>
  <testcase classname="GetRequests.GetCalendarEventPage" name="getCalendarEventRequest_checkResponseTitleText" time="0.604"/>
  <system-out/>
  <testcase classname="GetRequests.GetCalendarEventPage" name="getCalendarEventRequest_checkMainResponseHeading" time="0.001"/>
  <system-out/>
</testsuite> <!-- GetRequests.GetCalendarEventPage -->
