<?xml version="1.0" encoding="UTF-8"?>
<!-- Generated by org.testng.reporters.JUnitReportReporter -->
<testsuite hostname="Keshav-Dwivedi.local" failures="0" tests="8" name="GetRequests.GetPortalPage" time="0.042" errors="0" timestamp="2023-05-08T15:15:57 IST" skipped="0">
  <testcase classname="GetRequests.GetPortalPage" name="getCustomerParamsRequest" time="0.013"/>
  <system-out/>
  <testcase classname="GetRequests.GetPortalPage" name="getCustomerRequest_checkResponseTime" time="0.002"/>
  <system-out/>
  <testcase classname="GetRequests.GetPortalPage" name="getCustomerRequest_checkStatusCode" time="0.001"/>
  <system-out/>
  <testcase classname="GetRequests.GetPortalPage" name="getCustomerRequest_checkResponseStatusLine" time="0.001"/>
  <system-out/>
  <testcase classname="GetRequests.GetPortalPage" name="getCheckedSetting_checkHeaderContents" time="0.001"/>
  <system-out/>
  <testcase classname="GetRequests.GetPortalPage" name="getCheckedSetting_checkContentType" time="0.000"/>
  <system-out/>
  <testcase classname="GetRequests.GetPortalPage" name="getCheckedSetting_checkResponseTitleText" time="0.023"/>
  <system-out/>
  <testcase classname="GetRequests.GetPortalPage" name="getCalendarEventRequest_checkMainResponseHeading" time="0.001"/>
  <system-out/>
</testsuite> <!-- GetRequests.GetPortalPage -->
